Using pre-set license

 COMMAND LINE ARGUMENTS:
/Applications/Unity/Hub/Editor/2020.3.3f1/Unity.app/Contents/MacOS/Unity
-adb2
-batchMode
-noUpm
-name
AssetImportWorker0
-projectPath
/Users/donghoonjeong/New Unity Project
-logFile
Logs/AssetImportWorker0.log
-srvPort
56161
Successfully changed project path to: /Users/donghoonjeong/New Unity Project
/Users/donghoonjeong/New Unity Project
Using Asset Import Pipeline V2.
Refreshing native plugins compatible for Editor in 41.34 ms, found 1 plugins.
Preloading 0 native plugins for Editor in 0.00 ms.
Initialize engine version: 2020.3.3f1 (76626098c1c4)
[Subsystems] Discovering subsystems at path /Applications/Unity/Hub/Editor/2020.3.3f1/Unity.app/Contents/Resources/UnitySubsystems
[Subsystems] Discovering subsystems at path /Users/donghoonjeong/New Unity Project/Assets
GfxDevice: creating device client; threaded=0
2021-11-29 13:24:48.573 Unity[55967:3926660] Color LCD preferred device: Intel(R) Iris(TM) Graphics 6100 (low power)
2021-11-29 13:24:48.573 Unity[55967:3926660] Metal devices available: 1
2021-11-29 13:24:48.573 Unity[55967:3926660] 0: Intel(R) Iris(TM) Graphics 6100 (low power)
2021-11-29 13:24:48.574 Unity[55967:3926660] Using device Intel(R) Iris(TM) Graphics 6100 (low power)
Initializing Metal device caps: Intel(R) Iris(TM) Graphics 6100
Initialize mono
Mono path[0] = '/Applications/Unity/Hub/Editor/2020.3.3f1/Unity.app/Contents/Managed'
Mono path[1] = '/Applications/Unity/Hub/Editor/2020.3.3f1/Unity.app/Contents/MonoBleedingEdge/lib/mono/unityjit'
Mono config path = '/Applications/Unity/Hub/Editor/2020.3.3f1/Unity.app/Contents/MonoBleedingEdge/etc'
Using monoOptions --debugger-agent=transport=dt_socket,embedding=1,server=y,suspend=n,address=127.0.0.1:56967
Begin MonoManager ReloadAssembly
Registering precompiled unity dll's ...
Register platform support module: /Applications/Unity/Hub/Editor/2020.3.3f1/PlaybackEngines/WebGLSupport/UnityEditor.WebGL.Extensions.dll
Register platform support module: /Applications/Unity/Hub/Editor/2020.3.3f1/Unity.app/Contents/PlaybackEngines/MacStandaloneSupport/UnityEditor.OSXStandalone.Extensions.dll
Registered in 0.001219 seconds.
Native extension for OSXStandalone target not found
Native extension for WebGL target not found
Refreshing native plugins compatible for Editor in 36.24 ms, found 1 plugins.
Preloading 0 native plugins for Editor in 0.00 ms.
Invoked RoslynAnalysisRunner static constructor.
RoslynAnalysisRunner will not be running.
RoslynAnalysisRunner has terminated.
Mono: successfully reloaded assembly
- Completed reload, in  5.509 seconds
Platform modules already initialized, skipping
Registering precompiled user dll's ...
Registered in 0.000581 seconds.
Begin MonoManager ReloadAssembly
Native extension for OSXStandalone target not found
Native extension for WebGL target not found
Refreshing native plugins compatible for Editor in 0.39 ms, found 1 plugins.
Preloading 0 native plugins for Editor in 0.00 ms.
Invoked RoslynAnalysisRunner static constructor.
RoslynAnalysisRunner will not be running.
RoslynAnalysisRunner has terminated.
Mono: successfully reloaded assembly
- Completed reload, in  1.685 seconds
Platform modules already initialized, skipping
========================================================================
Worker process is ready to serve import requests
Launching external process: /Applications/Unity/Hub/Editor/2020.3.3f1/Unity.app/Contents/Tools/UnityShaderCompiler
Launched and connected shader compiler UnityShaderCompiler after 0.03 seconds
Refreshing native plugins compatible for Editor in 0.58 ms, found 1 plugins.
Preloading 0 native plugins for Editor in 0.00 ms.
Unloading 1295 Unused Serialized files (Serialized files now loaded: 0)
System memory in use before: 144.3 MB.
System memory in use after: 144.4 MB.

Unloading 10 unused Assets to reduce memory usage. Loaded Objects now: 1758.
Total: 3.171625 ms (FindLiveObjects: 0.417243 ms CreateObjectMapping: 0.142375 ms MarkObjects: 2.448041 ms  DeleteObjects: 0.162565 ms)

========================================================================
Received Import Request.
  path: Assets/New Terrain.asset
  artifactKey: Guid(67d4525607752430582d883b8b5fe0d3) Importer(815301076,1909f56bfc062723c751e8b465ee728b)
Start importing Assets/New Terrain.asset using Guid(67d4525607752430582d883b8b5fe0d3) Importer(815301076,1909f56bfc062723c751e8b465ee728b)  -> (artifact id: '68deac5f7f9feb59c7cced447f292e23') in 1.696330 seconds
  Import took 1.703672 seconds .

========================================================================
Received Import Request.
  Time since last request: 0.000430 seconds.
  path: Assets/inputKeyTxt/input_12.log
  artifactKey: Guid(d31e11c8307614ea0a4779cbf2ca4763) Importer(815301076,1909f56bfc062723c751e8b465ee728b)
Start importing Assets/inputKeyTxt/input_12.log using Guid(d31e11c8307614ea0a4779cbf2ca4763) Importer(815301076,1909f56bfc062723c751e8b465ee728b)  -> (artifact id: '71e8abca8d643553a4240c2de556640d') in 4.509498 seconds
  Import took 4.514178 seconds .

========================================================================
Received Import Request.
  Time since last request: 0.000359 seconds.
  path: Assets/New Terrain 1.asset
  artifactKey: Guid(bcb47efa9e5bd43d3bc7355852dbcfd8) Importer(815301076,1909f56bfc062723c751e8b465ee728b)
Start importing Assets/New Terrain 1.asset using Guid(bcb47efa9e5bd43d3bc7355852dbcfd8) Importer(815301076,1909f56bfc062723c751e8b465ee728b)  -> (artifact id: 'd16274015aac33fd6c7ccd7915098d2a') in 0.011636 seconds
  Import took 0.018119 seconds .

========================================================================
Received Import Request.
  Time since last request: 7.515972 seconds.
  path: Assets/New Terrain.asset
  artifactKey: Guid(67d4525607752430582d883b8b5fe0d3) Importer(815301076,1909f56bfc062723c751e8b465ee728b)
Start importing Assets/New Terrain.asset using Guid(67d4525607752430582d883b8b5fe0d3) Importer(815301076,1909f56bfc062723c751e8b465ee728b)  -> (artifact id: 'bbc5ac8968235bf5689391fb5f62cbfc') in 0.009655 seconds
  Import took 0.018204 seconds .

========================================================================
Received Prepare
Registering precompiled user dll's ...
Registered in 0.000623 seconds.
Begin MonoManager ReloadAssembly
Native extension for OSXStandalone target not found
Native extension for WebGL target not found
Refreshing native plugins compatible for Editor in 0.36 ms, found 1 plugins.
Preloading 0 native plugins for Editor in 0.00 ms.
Invoked RoslynAnalysisRunner static constructor.
RoslynAnalysisRunner will not be running.
RoslynAnalysisRunner has terminated.
Mono: successfully reloaded assembly
- Completed reload, in  1.601 seconds
Platform modules already initialized, skipping
Refreshing native plugins compatible for Editor in 0.34 ms, found 1 plugins.
Preloading 0 native plugins for Editor in 0.00 ms.
Unloading 1287 Unused Serialized files (Serialized files now loaded: 0)
System memory in use before: 153.1 MB.
System memory in use after: 153.2 MB.

Unloading 6 unused Assets to reduce memory usage. Loaded Objects now: 1760.
Total: 6.012612 ms (FindLiveObjects: 0.726952 ms CreateObjectMapping: 0.196892 ms MarkObjects: 4.503631 ms  DeleteObjects: 0.579990 ms)

========================================================================
Received Prepare
Registering precompiled user dll's ...
Registered in 0.000585 seconds.
Begin MonoManager ReloadAssembly
Native extension for OSXStandalone target not found
Native extension for WebGL target not found
Refreshing native plugins compatible for Editor in 0.43 ms, found 1 plugins.
Preloading 0 native plugins for Editor in 0.00 ms.
Invoked RoslynAnalysisRunner static constructor.
RoslynAnalysisRunner will not be running.
RoslynAnalysisRunner has terminated.
Mono: successfully reloaded assembly
- Completed reload, in  1.950 seconds
Platform modules already initialized, skipping
Refreshing native plugins compatible for Editor in 0.34 ms, found 1 plugins.
Preloading 0 native plugins for Editor in 0.00 ms.
Unloading 1286 Unused Serialized files (Serialized files now loaded: 0)
System memory in use before: 153.4 MB.
System memory in use after: 153.4 MB.

Unloading 6 unused Assets to reduce memory usage. Loaded Objects now: 1762.
Total: 3.695710 ms (FindLiveObjects: 0.282755 ms CreateObjectMapping: 0.093889 ms MarkObjects: 3.040490 ms  DeleteObjects: 0.274774 ms)

